<?xml version="1.0" encoding="UTF-8"?>
<robot generator="Robot 7.2.2 (Python 3.10.4 on win32)" generated="2025-03-30T16:24:12.347473" rpa="false" schemaversion="5">
<suite id="s1" name="Test" source="C:\Users\pitch\OneDrive\Desktop\ปี 3 เทอม 2\402\testJenkins\projectFront\CSI402-Frontend-NextJS\test.robot">
<test id="s1-t1" name="TC-S0101 Test Login SCMS For Personal Info" line="7">
<kw name="Open Browser" owner="SeleniumLibrary">
<msg time="2025-03-30T16:24:12.642430" level="INFO">Opening browser 'Chrome' to base url 'http://localhost:3000/'.</msg>
<arg>http://localhost:3000/</arg>
<arg>Chrome</arg>
<doc>Opens a new browser instance to the optional ``url``.</doc>
<status status="PASS" start="2025-03-30T16:24:12.641425" elapsed="3.702963"/>
</kw>
<kw name="Sleep" owner="BuiltIn">
<msg time="2025-03-30T16:24:19.350054" level="INFO">Slept 3 seconds.</msg>
<arg>3s</arg>
<doc>Pauses the test executed for the given time.</doc>
<status status="PASS" start="2025-03-30T16:24:16.345389" elapsed="3.004665"/>
</kw>
<kw name="Close Browser" owner="SeleniumLibrary" type="TEARDOWN">
<doc>Closes the current browser.</doc>
<status status="PASS" start="2025-03-30T16:24:19.350692" elapsed="2.212525"/>
</kw>
<status status="PASS" start="2025-03-30T16:24:12.639920" elapsed="8.923297"/>
</test>
<doc>Test CSI403 LAP</doc>
<status status="PASS" start="2025-03-30T16:24:12.350504" elapsed="9.214718"/>
</suite>
<statistics>
<total>
<stat pass="1" fail="0" skip="0">All Tests</stat>
</total>
<tag>
</tag>
<suite>
<stat name="Test" id="s1" pass="1" fail="0" skip="0">Test</stat>
</suite>
</statistics>
<errors>
</errors>
</robot>
